{"/Users/michaelshyer/LaunchSchool/Capstone_Prep/fullstackopen/submission-repository/part5/notes_app/src/App.js": {"path":"/Users/michaelshyer/LaunchSchool/Capstone_Prep/fullstackopen/submission-repository/part5/notes_app/src/App.js","statementMap":{"0":{"start":{"line":26,"column":12},"end":{"line":198,"column":1}},"1":{"start":{"line":28,"column":28},"end":{"line":28,"column":40}},"2":{"start":{"line":30,"column":32},"end":{"line":30,"column":46}},"3":{"start":{"line":31,"column":42},"end":{"line":31,"column":56}},"4":{"start":{"line":32,"column":22},"end":{"line":32,"column":30}},"5":{"start":{"line":34,"column":34},"end":{"line":34,"column":46}},"6":{"start":{"line":35,"column":34},"end":{"line":35,"column":46}},"7":{"start":{"line":36,"column":26},"end":{"line":36,"column":40}},"8":{"start":{"line":38,"column":2},"end":{"line":44,"column":8}},"9":{"start":{"line":39,"column":4},"end":{"line":43,"column":8}},"10":{"start":{"line":42,"column":8},"end":{"line":42,"column":30}},"11":{"start":{"line":46,"column":2},"end":{"line":53,"column":8}},"12":{"start":{"line":47,"column":27},"end":{"line":47,"column":75}},"13":{"start":{"line":48,"column":4},"end":{"line":52,"column":5}},"14":{"start":{"line":49,"column":19},"end":{"line":49,"column":45}},"15":{"start":{"line":50,"column":6},"end":{"line":50,"column":20}},"16":{"start":{"line":51,"column":6},"end":{"line":51,"column":39}},"17":{"start":{"line":55,"column":22},"end":{"line":76,"column":3}},"18":{"start":{"line":56,"column":4},"end":{"line":56,"column":26}},"19":{"start":{"line":58,"column":4},"end":{"line":75,"column":5}},"20":{"start":{"line":59,"column":19},"end":{"line":61,"column":8}},"21":{"start":{"line":63,"column":6},"end":{"line":65,"column":8}},"22":{"start":{"line":66,"column":6},"end":{"line":66,"column":39}},"23":{"start":{"line":67,"column":6},"end":{"line":67,"column":20}},"24":{"start":{"line":68,"column":6},"end":{"line":68,"column":22}},"25":{"start":{"line":69,"column":6},"end":{"line":69,"column":22}},"26":{"start":{"line":71,"column":6},"end":{"line":71,"column":43}},"27":{"start":{"line":72,"column":6},"end":{"line":74,"column":15}},"28":{"start":{"line":73,"column":8},"end":{"line":73,"column":29}},"29":{"start":{"line":78,"column":18},"end":{"line":85,"column":3}},"30":{"start":{"line":79,"column":4},"end":{"line":79,"column":43}},"31":{"start":{"line":80,"column":4},"end":{"line":84,"column":8}},"32":{"start":{"line":83,"column":8},"end":{"line":83,"column":44}},"33":{"start":{"line":106,"column":22},"end":{"line":108,"column":42}},"34":{"start":{"line":108,"column":27},"end":{"line":108,"column":41}},"35":{"start":{"line":110,"column":29},"end":{"line":128,"column":3}},"36":{"start":{"line":111,"column":17},"end":{"line":111,"column":45}},"37":{"start":{"line":111,"column":33},"end":{"line":111,"column":44}},"38":{"start":{"line":112,"column":24},"end":{"line":112,"column":63}},"39":{"start":{"line":114,"column":4},"end":{"line":127,"column":8}},"40":{"start":{"line":116,"column":8},"end":{"line":116,"column":73}},"41":{"start":{"line":116,"column":35},"end":{"line":116,"column":71}},"42":{"start":{"line":119,"column":8},"end":{"line":119,"column":27}},"43":{"start":{"line":120,"column":8},"end":{"line":122,"column":9}},"44":{"start":{"line":123,"column":8},"end":{"line":125,"column":16}},"45":{"start":{"line":124,"column":10},"end":{"line":124,"column":31}},"46":{"start":{"line":126,"column":8},"end":{"line":126,"column":48}},"47":{"start":{"line":126,"column":35},"end":{"line":126,"column":46}},"48":{"start":{"line":153,"column":2},"end":{"line":197,"column":3}},"49":{"start":{"line":163,"column":50},"end":{"line":163,"column":75}},"50":{"start":{"line":164,"column":50},"end":{"line":164,"column":75}},"51":{"start":{"line":178,"column":35},"end":{"line":178,"column":55}},"52":{"start":{"line":185,"column":16},"end":{"line":189,"column":18}},"53":{"start":{"line":188,"column":42},"end":{"line":188,"column":69}}},"fnMap":{"0":{"name":"(anonymous_0)","decl":{"start":{"line":26,"column":12},"end":{"line":26,"column":13}},"loc":{"start":{"line":26,"column":18},"end":{"line":198,"column":1}},"line":26},"1":{"name":"(anonymous_1)","decl":{"start":{"line":38,"column":12},"end":{"line":38,"column":13}},"loc":{"start":{"line":38,"column":18},"end":{"line":44,"column":3}},"line":38},"2":{"name":"(anonymous_2)","decl":{"start":{"line":41,"column":12},"end":{"line":41,"column":13}},"loc":{"start":{"line":41,"column":28},"end":{"line":43,"column":7}},"line":41},"3":{"name":"(anonymous_3)","decl":{"start":{"line":46,"column":12},"end":{"line":46,"column":13}},"loc":{"start":{"line":46,"column":18},"end":{"line":53,"column":3}},"line":46},"4":{"name":"(anonymous_4)","decl":{"start":{"line":55,"column":22},"end":{"line":55,"column":23}},"loc":{"start":{"line":55,"column":39},"end":{"line":76,"column":3}},"line":55},"5":{"name":"(anonymous_5)","decl":{"start":{"line":72,"column":17},"end":{"line":72,"column":18}},"loc":{"start":{"line":72,"column":23},"end":{"line":74,"column":7}},"line":72},"6":{"name":"(anonymous_6)","decl":{"start":{"line":78,"column":18},"end":{"line":78,"column":19}},"loc":{"start":{"line":78,"column":34},"end":{"line":85,"column":3}},"line":78},"7":{"name":"(anonymous_7)","decl":{"start":{"line":82,"column":12},"end":{"line":82,"column":13}},"loc":{"start":{"line":82,"column":28},"end":{"line":84,"column":7}},"line":82},"8":{"name":"(anonymous_8)","decl":{"start":{"line":108,"column":19},"end":{"line":108,"column":20}},"loc":{"start":{"line":108,"column":27},"end":{"line":108,"column":41}},"line":108},"9":{"name":"(anonymous_9)","decl":{"start":{"line":110,"column":29},"end":{"line":110,"column":30}},"loc":{"start":{"line":110,"column":35},"end":{"line":128,"column":3}},"line":110},"10":{"name":"(anonymous_10)","decl":{"start":{"line":111,"column":28},"end":{"line":111,"column":29}},"loc":{"start":{"line":111,"column":33},"end":{"line":111,"column":44}},"line":111},"11":{"name":"(anonymous_11)","decl":{"start":{"line":115,"column":36},"end":{"line":115,"column":37}},"loc":{"start":{"line":115,"column":52},"end":{"line":117,"column":7}},"line":115},"12":{"name":"(anonymous_12)","decl":{"start":{"line":116,"column":27},"end":{"line":116,"column":28}},"loc":{"start":{"line":116,"column":35},"end":{"line":116,"column":71}},"line":116},"13":{"name":"(anonymous_13)","decl":{"start":{"line":118,"column":13},"end":{"line":118,"column":14}},"loc":{"start":{"line":118,"column":22},"end":{"line":127,"column":7}},"line":118},"14":{"name":"(anonymous_14)","decl":{"start":{"line":123,"column":19},"end":{"line":123,"column":20}},"loc":{"start":{"line":123,"column":25},"end":{"line":125,"column":9}},"line":123},"15":{"name":"(anonymous_15)","decl":{"start":{"line":126,"column":30},"end":{"line":126,"column":31}},"loc":{"start":{"line":126,"column":35},"end":{"line":126,"column":46}},"line":126},"16":{"name":"(anonymous_16)","decl":{"start":{"line":163,"column":34},"end":{"line":163,"column":35}},"loc":{"start":{"line":163,"column":50},"end":{"line":163,"column":75}},"line":163},"17":{"name":"(anonymous_17)","decl":{"start":{"line":164,"column":34},"end":{"line":164,"column":35}},"loc":{"start":{"line":164,"column":50},"end":{"line":164,"column":75}},"line":164},"18":{"name":"(anonymous_18)","decl":{"start":{"line":178,"column":29},"end":{"line":178,"column":30}},"loc":{"start":{"line":178,"column":35},"end":{"line":178,"column":55}},"line":178},"19":{"name":"(anonymous_19)","decl":{"start":{"line":184,"column":31},"end":{"line":184,"column":32}},"loc":{"start":{"line":185,"column":16},"end":{"line":189,"column":18}},"line":185},"20":{"name":"(anonymous_20)","decl":{"start":{"line":188,"column":36},"end":{"line":188,"column":37}},"loc":{"start":{"line":188,"column":42},"end":{"line":188,"column":69}},"line":188}},"branchMap":{"0":{"loc":{"start":{"line":48,"column":4},"end":{"line":52,"column":5}},"type":"if","locations":[{"start":{"line":48,"column":4},"end":{"line":52,"column":5}},{"start":{},"end":{}}],"line":48},"1":{"loc":{"start":{"line":106,"column":22},"end":{"line":108,"column":42}},"type":"cond-expr","locations":[{"start":{"line":107,"column":6},"end":{"line":107,"column":11}},{"start":{"line":108,"column":6},"end":{"line":108,"column":42}}],"line":106},"2":{"loc":{"start":{"line":116,"column":35},"end":{"line":116,"column":71}},"type":"cond-expr","locations":[{"start":{"line":116,"column":52},"end":{"line":116,"column":56}},{"start":{"line":116,"column":59},"end":{"line":116,"column":71}}],"line":116},"3":{"loc":{"start":{"line":158,"column":7},"end":{"line":167,"column":20}},"type":"binary-expr","locations":[{"start":{"line":158,"column":7},"end":{"line":158,"column":12}},{"start":{"line":159,"column":8},"end":{"line":167,"column":20}}],"line":158},"4":{"loc":{"start":{"line":169,"column":7},"end":{"line":193,"column":14}},"type":"binary-expr","locations":[{"start":{"line":169,"column":7},"end":{"line":169,"column":11}},{"start":{"line":170,"column":8},"end":{"line":193,"column":14}}],"line":169},"5":{"loc":{"start":{"line":179,"column":16},"end":{"line":179,"column":45}},"type":"cond-expr","locations":[{"start":{"line":179,"column":26},"end":{"line":179,"column":37}},{"start":{"line":179,"column":40},"end":{"line":179,"column":45}}],"line":179}},"s":{"0":0,"1":0,"2":0,"3":0,"4":0,"5":0,"6":0,"7":0,"8":0,"9":0,"10":0,"11":0,"12":0,"13":0,"14":0,"15":0,"16":0,"17":0,"18":0,"19":0,"20":0,"21":0,"22":0,"23":0,"24":0,"25":0,"26":0,"27":0,"28":0,"29":0,"30":0,"31":0,"32":0,"33":0,"34":0,"35":0,"36":0,"37":0,"38":0,"39":0,"40":0,"41":0,"42":0,"43":0,"44":0,"45":0,"46":0,"47":0,"48":0,"49":0,"50":0,"51":0,"52":0,"53":0},"f":{"0":0,"1":0,"2":0,"3":0,"4":0,"5":0,"6":0,"7":0,"8":0,"9":0,"10":0,"11":0,"12":0,"13":0,"14":0,"15":0,"16":0,"17":0,"18":0,"19":0,"20":0},"b":{"0":[0,0],"1":[0,0],"2":[0,0],"3":[0,0],"4":[0,0],"5":[0,0]}}
,"/Users/michaelshyer/LaunchSchool/Capstone_Prep/fullstackopen/submission-repository/part5/notes_app/src/index.js": {"path":"/Users/michaelshyer/LaunchSchool/Capstone_Prep/fullstackopen/submission-repository/part5/notes_app/src/index.js","statementMap":{"0":{"start":{"line":5,"column":0},"end":{"line":5,"column":67}}},"fnMap":{},"branchMap":{},"s":{"0":0},"f":{},"b":{}}
,"/Users/michaelshyer/LaunchSchool/Capstone_Prep/fullstackopen/submission-repository/part5/notes_app/src/components/Footer.js": {"path":"/Users/michaelshyer/LaunchSchool/Capstone_Prep/fullstackopen/submission-repository/part5/notes_app/src/components/Footer.js","statementMap":{"0":{"start":{"line":1,"column":15},"end":{"line":14,"column":1}},"1":{"start":{"line":2,"column":22},"end":{"line":6,"column":3}},"2":{"start":{"line":8,"column":2},"end":{"line":13,"column":3}}},"fnMap":{"0":{"name":"(anonymous_0)","decl":{"start":{"line":1,"column":15},"end":{"line":1,"column":16}},"loc":{"start":{"line":1,"column":21},"end":{"line":14,"column":1}},"line":1}},"branchMap":{},"s":{"0":0,"1":0,"2":0},"f":{"0":0},"b":{}}
,"/Users/michaelshyer/LaunchSchool/Capstone_Prep/fullstackopen/submission-repository/part5/notes_app/src/components/Login.js": {"path":"/Users/michaelshyer/LaunchSchool/Capstone_Prep/fullstackopen/submission-repository/part5/notes_app/src/components/Login.js","statementMap":{"0":{"start":{"line":3,"column":18},"end":{"line":34,"column":1}},"1":{"start":{"line":11,"column":2},"end":{"line":33,"column":3}},"2":{"start":{"line":36,"column":0},"end":{"line":42,"column":2}}},"fnMap":{"0":{"name":"(anonymous_0)","decl":{"start":{"line":3,"column":18},"end":{"line":3,"column":19}},"loc":{"start":{"line":9,"column":6},"end":{"line":34,"column":1}},"line":9}},"branchMap":{},"s":{"0":0,"1":0,"2":0},"f":{"0":0},"b":{}}
,"/Users/michaelshyer/LaunchSchool/Capstone_Prep/fullstackopen/submission-repository/part5/notes_app/src/components/Note.js": {"path":"/Users/michaelshyer/LaunchSchool/Capstone_Prep/fullstackopen/submission-repository/part5/notes_app/src/components/Note.js","statementMap":{"0":{"start":{"line":1,"column":13},"end":{"line":12,"column":1}},"1":{"start":{"line":2,"column":16},"end":{"line":4,"column":22}},"2":{"start":{"line":6,"column":2},"end":{"line":11,"column":3}}},"fnMap":{"0":{"name":"(anonymous_0)","decl":{"start":{"line":1,"column":13},"end":{"line":1,"column":14}},"loc":{"start":{"line":1,"column":45},"end":{"line":12,"column":1}},"line":1}},"branchMap":{"0":{"loc":{"start":{"line":2,"column":16},"end":{"line":4,"column":22}},"type":"cond-expr","locations":[{"start":{"line":3,"column":6},"end":{"line":3,"column":26}},{"start":{"line":4,"column":6},"end":{"line":4,"column":22}}],"line":2}},"s":{"0":1,"1":4,"2":4},"f":{"0":4},"b":{"0":[4,0]},"_coverageSchema":"1a1c01bbd47fc00a2c39e90264f33305004495a9","hash":"eacaba6ca5b52bc497a016786e81fe39731cdfe3"}
,"/Users/michaelshyer/LaunchSchool/Capstone_Prep/fullstackopen/submission-repository/part5/notes_app/src/components/NoteForm.js": {"path":"/Users/michaelshyer/LaunchSchool/Capstone_Prep/fullstackopen/submission-repository/part5/notes_app/src/components/NoteForm.js","statementMap":{"0":{"start":{"line":3,"column":17},"end":{"line":28,"column":1}},"1":{"start":{"line":4,"column":32},"end":{"line":4,"column":44}},"2":{"start":{"line":6,"column":18},"end":{"line":14,"column":3}},"3":{"start":{"line":7,"column":4},"end":{"line":7,"column":27}},"4":{"start":{"line":8,"column":4},"end":{"line":11,"column":7}},"5":{"start":{"line":13,"column":4},"end":{"line":13,"column":19}},"6":{"start":{"line":15,"column":2},"end":{"line":27,"column":3}},"7":{"start":{"line":22,"column":29},"end":{"line":22,"column":59}}},"fnMap":{"0":{"name":"(anonymous_0)","decl":{"start":{"line":3,"column":17},"end":{"line":3,"column":18}},"loc":{"start":{"line":3,"column":37},"end":{"line":28,"column":1}},"line":3},"1":{"name":"(anonymous_1)","decl":{"start":{"line":6,"column":18},"end":{"line":6,"column":19}},"loc":{"start":{"line":6,"column":29},"end":{"line":14,"column":3}},"line":6},"2":{"name":"(anonymous_2)","decl":{"start":{"line":22,"column":20},"end":{"line":22,"column":21}},"loc":{"start":{"line":22,"column":29},"end":{"line":22,"column":59}},"line":22}},"branchMap":{},"s":{"0":1,"1":19,"2":19,"3":1,"4":1,"5":1,"6":19,"7":17},"f":{"0":19,"1":1,"2":17},"b":{},"_coverageSchema":"1a1c01bbd47fc00a2c39e90264f33305004495a9","hash":"eb0fb2e6a2d706de39f41aad3850d0b5a88cd68f"}
,"/Users/michaelshyer/LaunchSchool/Capstone_Prep/fullstackopen/submission-repository/part5/notes_app/src/components/Notification.js": {"path":"/Users/michaelshyer/LaunchSchool/Capstone_Prep/fullstackopen/submission-repository/part5/notes_app/src/components/Notification.js","statementMap":{"0":{"start":{"line":1,"column":21},"end":{"line":11,"column":1}},"1":{"start":{"line":2,"column":2},"end":{"line":4,"column":3}},"2":{"start":{"line":3,"column":4},"end":{"line":3,"column":15}},"3":{"start":{"line":6,"column":2},"end":{"line":10,"column":3}}},"fnMap":{"0":{"name":"(anonymous_0)","decl":{"start":{"line":1,"column":21},"end":{"line":1,"column":22}},"loc":{"start":{"line":1,"column":38},"end":{"line":11,"column":1}},"line":1}},"branchMap":{"0":{"loc":{"start":{"line":2,"column":2},"end":{"line":4,"column":3}},"type":"if","locations":[{"start":{"line":2,"column":2},"end":{"line":4,"column":3}},{"start":{},"end":{}}],"line":2}},"s":{"0":0,"1":0,"2":0,"3":0},"f":{"0":0},"b":{"0":[0,0]}}
,"/Users/michaelshyer/LaunchSchool/Capstone_Prep/fullstackopen/submission-repository/part5/notes_app/src/components/Togglable.js": {"path":"/Users/michaelshyer/LaunchSchool/Capstone_Prep/fullstackopen/submission-repository/part5/notes_app/src/components/Togglable.js","statementMap":{"0":{"start":{"line":4,"column":18},"end":{"line":31,"column":2}},"1":{"start":{"line":5,"column":32},"end":{"line":5,"column":47}},"2":{"start":{"line":7,"column":26},"end":{"line":7,"column":60}},"3":{"start":{"line":8,"column":26},"end":{"line":8,"column":60}},"4":{"start":{"line":10,"column":27},"end":{"line":12,"column":3}},"5":{"start":{"line":11,"column":4},"end":{"line":11,"column":24}},"6":{"start":{"line":14,"column":2},"end":{"line":18,"column":4}},"7":{"start":{"line":15,"column":4},"end":{"line":17,"column":5}},"8":{"start":{"line":20,"column":2},"end":{"line":30,"column":3}},"9":{"start":{"line":33,"column":0},"end":{"line":35,"column":1}},"10":{"start":{"line":37,"column":0},"end":{"line":37,"column":35}}},"fnMap":{"0":{"name":"(anonymous_0)","decl":{"start":{"line":4,"column":29},"end":{"line":4,"column":30}},"loc":{"start":{"line":4,"column":46},"end":{"line":31,"column":1}},"line":4},"1":{"name":"(anonymous_1)","decl":{"start":{"line":10,"column":27},"end":{"line":10,"column":28}},"loc":{"start":{"line":10,"column":33},"end":{"line":12,"column":3}},"line":10},"2":{"name":"(anonymous_2)","decl":{"start":{"line":14,"column":28},"end":{"line":14,"column":29}},"loc":{"start":{"line":14,"column":34},"end":{"line":18,"column":3}},"line":14}},"branchMap":{"0":{"loc":{"start":{"line":7,"column":37},"end":{"line":7,"column":58}},"type":"cond-expr","locations":[{"start":{"line":7,"column":47},"end":{"line":7,"column":53}},{"start":{"line":7,"column":56},"end":{"line":7,"column":58}}],"line":7},"1":{"loc":{"start":{"line":8,"column":37},"end":{"line":8,"column":58}},"type":"cond-expr","locations":[{"start":{"line":8,"column":47},"end":{"line":8,"column":49}},{"start":{"line":8,"column":52},"end":{"line":8,"column":58}}],"line":8}},"s":{"0":1,"1":7,"2":7,"3":7,"4":7,"5":3,"6":7,"7":0,"8":7,"9":1,"10":1},"f":{"0":7,"1":3,"2":0},"b":{"0":[2,5],"1":[2,5]},"_coverageSchema":"1a1c01bbd47fc00a2c39e90264f33305004495a9","hash":"6c57438255b380f54bab5f27de9f748567ba19b7"}
,"/Users/michaelshyer/LaunchSchool/Capstone_Prep/fullstackopen/submission-repository/part5/notes_app/src/services/login.js": {"path":"/Users/michaelshyer/LaunchSchool/Capstone_Prep/fullstackopen/submission-repository/part5/notes_app/src/services/login.js","statementMap":{"0":{"start":{"line":2,"column":16},"end":{"line":2,"column":28}},"1":{"start":{"line":4,"column":14},"end":{"line":7,"column":1}},"2":{"start":{"line":5,"column":19},"end":{"line":5,"column":57}},"3":{"start":{"line":6,"column":2},"end":{"line":6,"column":23}}},"fnMap":{"0":{"name":"(anonymous_0)","decl":{"start":{"line":4,"column":14},"end":{"line":4,"column":15}},"loc":{"start":{"line":4,"column":37},"end":{"line":7,"column":1}},"line":4}},"branchMap":{},"s":{"0":0,"1":0,"2":0,"3":0},"f":{"0":0},"b":{}}
,"/Users/michaelshyer/LaunchSchool/Capstone_Prep/fullstackopen/submission-repository/part5/notes_app/src/services/notes.js": {"path":"/Users/michaelshyer/LaunchSchool/Capstone_Prep/fullstackopen/submission-repository/part5/notes_app/src/services/notes.js","statementMap":{"0":{"start":{"line":2,"column":16},"end":{"line":2,"column":28}},"1":{"start":{"line":4,"column":12},"end":{"line":4,"column":16}},"2":{"start":{"line":6,"column":17},"end":{"line":8,"column":1}},"3":{"start":{"line":7,"column":2},"end":{"line":7,"column":31}},"4":{"start":{"line":10,"column":15},"end":{"line":13,"column":1}},"5":{"start":{"line":11,"column":18},"end":{"line":11,"column":36}},"6":{"start":{"line":12,"column":2},"end":{"line":12,"column":48}},"7":{"start":{"line":12,"column":34},"end":{"line":12,"column":47}},"8":{"start":{"line":15,"column":15},"end":{"line":24,"column":1}},"9":{"start":{"line":18,"column":17},"end":{"line":20,"column":3}},"10":{"start":{"line":22,"column":19},"end":{"line":22,"column":63}},"11":{"start":{"line":23,"column":2},"end":{"line":23,"column":23}},"12":{"start":{"line":26,"column":15},"end":{"line":29,"column":1}},"13":{"start":{"line":27,"column":18},"end":{"line":27,"column":58}},"14":{"start":{"line":28,"column":2},"end":{"line":28,"column":48}},"15":{"start":{"line":28,"column":34},"end":{"line":28,"column":47}}},"fnMap":{"0":{"name":"(anonymous_0)","decl":{"start":{"line":6,"column":17},"end":{"line":6,"column":18}},"loc":{"start":{"line":6,"column":29},"end":{"line":8,"column":1}},"line":6},"1":{"name":"(anonymous_1)","decl":{"start":{"line":10,"column":15},"end":{"line":10,"column":16}},"loc":{"start":{"line":10,"column":21},"end":{"line":13,"column":1}},"line":10},"2":{"name":"(anonymous_2)","decl":{"start":{"line":12,"column":22},"end":{"line":12,"column":23}},"loc":{"start":{"line":12,"column":34},"end":{"line":12,"column":47}},"line":12},"3":{"name":"(anonymous_3)","decl":{"start":{"line":15,"column":15},"end":{"line":15,"column":16}},"loc":{"start":{"line":15,"column":34},"end":{"line":24,"column":1}},"line":15},"4":{"name":"(anonymous_4)","decl":{"start":{"line":26,"column":15},"end":{"line":26,"column":16}},"loc":{"start":{"line":26,"column":34},"end":{"line":29,"column":1}},"line":26},"5":{"name":"(anonymous_5)","decl":{"start":{"line":28,"column":22},"end":{"line":28,"column":23}},"loc":{"start":{"line":28,"column":34},"end":{"line":28,"column":47}},"line":28}},"branchMap":{},"s":{"0":0,"1":0,"2":0,"3":0,"4":0,"5":0,"6":0,"7":0,"8":0,"9":0,"10":0,"11":0,"12":0,"13":0,"14":0,"15":0},"f":{"0":0,"1":0,"2":0,"3":0,"4":0,"5":0},"b":{}}
}
